Cache sync 1 at Tue Jul 14 23:57:32 UTC 2026
Cache sync 2 at Tue Jul 14 23:57:32 UTC 2026
Cache sync 3 at Tue Jul 14 23:57:32 UTC 2026
Cache sync 4 at Tue Jul 14 23:57:32 UTC 2026
Cache sync 5 at Tue Jul 14 23:57:33 UTC 2026
Cache sync 6 at Tue Jul 14 23:57:33 UTC 2026
Cache sync 7 at Tue Jul 14 23:57:33 UTC 2026
Cache sync 8 at Tue Jul 14 23:57:33 UTC 2026
Cache sync 9 at Tue Jul 14 23:57:33 UTC 2026
Cache sync 10 at Tue Jul 14 23:57:33 UTC 2026
Cache sync 11 at Tue Jul 14 23:57:33 UTC 2026
Cache sync 12 at Tue Jul 14 23:57:33 UTC 2026
Cache sync 13 at Tue Jul 14 23:57:33 UTC 2026
Cache sync 14 at Tue Jul 14 23:57:33 UTC 2026
Cache sync 15 at Tue Jul 14 23:57:33 UTC 2026
Cache sync 16 at Tue Jul 14 23:57:33 UTC 2026
Cache sync 17 at Tue Jul 14 23:57:33 UTC 2026
Cache sync 18 at Tue Jul 14 23:57:33 UTC 2026
Cache sync 19 at Tue Jul 14 23:57:33 UTC 2026
Cache sync 20 at Tue Jul 14 23:57:33 UTC 2026
Cache sync 21 at Tue Jul 14 23:57:33 UTC 2026
Cache sync 22 at Tue Jul 14 23:57:33 UTC 2026
Cache sync 23 at Tue Jul 14 23:57:33 UTC 2026
Cache sync 24 at Tue Jul 14 23:57:33 UTC 2026
Cache sync 25 at Tue Jul 14 23:57:33 UTC 2026
Cache sync 26 at Tue Jul 14 23:57:33 UTC 2026
Cache sync 27 at Tue Jul 14 23:57:33 UTC 2026
Cache sync 28 at Tue Jul 14 23:57:33 UTC 2026
Cache sync 29 at Tue Jul 14 23:57:33 UTC 2026
Cache sync 30 at Tue Jul 14 23:57:33 UTC 2026
Cache sync 31 at Tue Jul 14 23:57:33 UTC 2026
Cache sync 32 at Tue Jul 14 23:57:33 UTC 2026
Cache sync 33 at Tue Jul 14 23:57:33 UTC 2026
Cache sync 34 at Tue Jul 14 23:57:33 UTC 2026
Cache sync 35 at Tue Jul 14 23:57:33 UTC 2026
Cache sync 36 at Tue Jul 14 23:57:33 UTC 2026
Cache sync 37 at Tue Jul 14 23:57:33 UTC 2026
Cache sync 38 at Tue Jul 14 23:57:33 UTC 2026
Cache sync 39 at Tue Jul 14 23:57:33 UTC 2026
Cache sync 40 at Tue Jul 14 23:57:33 UTC 2026
Cache sync 41 at Tue Jul 14 23:57:33 UTC 2026
Cache sync 42 at Tue Jul 14 23:57:33 UTC 2026
Cache sync 43 at Tue Jul 14 23:57:33 UTC 2026
Cache sync 44 at Tue Jul 14 23:57:33 UTC 2026
Cache sync 45 at Tue Jul 14 23:57:33 UTC 2026
Cache sync 46 at Tue Jul 14 23:57:33 UTC 2026
Cache sync 47 at Tue Jul 14 23:57:33 UTC 2026
Cache sync 48 at Tue Jul 14 23:57:33 UTC 2026
Cache sync 49 at Tue Jul 14 23:57:33 UTC 2026
Cache sync 50 at Tue Jul 14 23:57:33 UTC 2026
Cache sync 51 at Tue Jul 14 23:57:33 UTC 2026
Cache sync 52 at Tue Jul 14 23:57:33 UTC 2026
Cache sync 53 at Tue Jul 14 23:57:33 UTC 2026
Cache sync 54 at Tue Jul 14 23:57:33 UTC 2026
Cache sync 55 at Tue Jul 14 23:57:33 UTC 2026
Cache sync 56 at Tue Jul 14 23:57:33 UTC 2026
Cache sync 57 at Tue Jul 14 23:57:33 UTC 2026
Cache sync 58 at Tue Jul 14 23:57:33 UTC 2026
Cache sync 59 at Tue Jul 14 23:57:33 UTC 2026
Cache sync 60 at Tue Jul 14 23:57:33 UTC 2026
Cache sync 61 at Tue Jul 14 23:57:33 UTC 2026
Cache sync 62 at Tue Jul 14 23:57:33 UTC 2026
Cache sync 63 at Tue Jul 14 23:57:33 UTC 2026
Cache sync 64 at Tue Jul 14 23:57:33 UTC 2026
Cache sync 65 at Tue Jul 14 23:57:33 UTC 2026
Cache sync 66 at Tue Jul 14 23:57:33 UTC 2026
Cache sync 67 at Tue Jul 14 23:57:33 UTC 2026
Cache sync 68 at Tue Jul 14 23:57:33 UTC 2026
Cache sync 69 at Tue Jul 14 23:57:33 UTC 2026
Cache sync 70 at Tue Jul 14 23:57:33 UTC 2026
Cache sync 1 at Wed Jul 15 18:02:49 UTC 2026
Cache sync 2 at Wed Jul 15 18:02:49 UTC 2026
Cache sync 3 at Wed Jul 15 18:02:49 UTC 2026
Cache sync 4 at Wed Jul 15 18:02:49 UTC 2026
Cache sync 5 at Wed Jul 15 18:02:49 UTC 2026
Cache sync 6 at Wed Jul 15 18:02:49 UTC 2026
Cache sync 7 at Wed Jul 15 18:02:49 UTC 2026
Cache sync 8 at Wed Jul 15 18:02:49 UTC 2026
Cache sync 9 at Wed Jul 15 18:02:49 UTC 2026
Cache sync 10 at Wed Jul 15 18:02:49 UTC 2026
Cache sync 11 at Wed Jul 15 18:02:49 UTC 2026
Cache sync 12 at Wed Jul 15 18:02:49 UTC 2026
Cache sync 13 at Wed Jul 15 18:02:49 UTC 2026
Cache sync 14 at Wed Jul 15 18:02:49 UTC 2026
Cache sync 15 at Wed Jul 15 18:02:49 UTC 2026
Cache sync 16 at Wed Jul 15 18:02:49 UTC 2026
Cache sync 17 at Wed Jul 15 18:02:49 UTC 2026
Cache sync 18 at Wed Jul 15 18:02:49 UTC 2026
Cache sync 19 at Wed Jul 15 18:02:49 UTC 2026
Cache sync 20 at Wed Jul 15 18:02:49 UTC 2026
Cache sync 21 at Wed Jul 15 18:02:49 UTC 2026
Cache sync 22 at Wed Jul 15 18:02:49 UTC 2026
Cache sync 23 at Wed Jul 15 18:02:49 UTC 2026
Cache sync 24 at Wed Jul 15 18:02:49 UTC 2026
Cache sync 25 at Wed Jul 15 18:02:49 UTC 2026
Cache sync 26 at Wed Jul 15 18:02:49 UTC 2026
Cache sync 27 at Wed Jul 15 18:02:49 UTC 2026
Cache sync 28 at Wed Jul 15 18:02:49 UTC 2026
Cache sync 29 at Wed Jul 15 18:02:49 UTC 2026
Cache sync 30 at Wed Jul 15 18:02:49 UTC 2026
Cache sync 31 at Wed Jul 15 18:02:49 UTC 2026
Cache sync 32 at Wed Jul 15 18:02:49 UTC 2026
Cache sync 33 at Wed Jul 15 18:02:49 UTC 2026
Cache sync 34 at Wed Jul 15 18:02:49 UTC 2026
Cache sync 35 at Wed Jul 15 18:02:49 UTC 2026
Cache sync 36 at Wed Jul 15 18:02:49 UTC 2026
Cache sync 37 at Wed Jul 15 18:02:49 UTC 2026
Cache sync 38 at Wed Jul 15 18:02:49 UTC 2026
Cache sync 39 at Wed Jul 15 18:02:49 UTC 2026
Cache sync 40 at Wed Jul 15 18:02:49 UTC 2026
Cache sync 41 at Wed Jul 15 18:02:49 UTC 2026
Cache sync 42 at Wed Jul 15 18:02:49 UTC 2026
Cache sync 43 at Wed Jul 15 18:02:49 UTC 2026
Cache sync 44 at Wed Jul 15 18:02:49 UTC 2026
Cache sync 45 at Wed Jul 15 18:02:49 UTC 2026
Cache sync 46 at Wed Jul 15 18:02:49 UTC 2026
Cache sync 47 at Wed Jul 15 18:02:49 UTC 2026
Cache sync 48 at Wed Jul 15 18:02:49 UTC 2026
Cache sync 49 at Wed Jul 15 18:02:49 UTC 2026
Cache sync 50 at Wed Jul 15 18:02:49 UTC 2026
Cache sync 51 at Wed Jul 15 18:02:49 UTC 2026
Cache sync 52 at Wed Jul 15 18:02:49 UTC 2026
Cache sync 53 at Wed Jul 15 18:02:49 UTC 2026
Cache sync 54 at Wed Jul 15 18:02:49 UTC 2026
Cache sync 55 at Wed Jul 15 18:02:49 UTC 2026
Cache sync 56 at Wed Jul 15 18:02:49 UTC 2026
Cache sync 57 at Wed Jul 15 18:02:49 UTC 2026
Cache sync 58 at Wed Jul 15 18:02:49 UTC 2026
Cache sync 59 at Wed Jul 15 18:02:49 UTC 2026
Cache sync 60 at Wed Jul 15 18:02:49 UTC 2026
Cache sync 61 at Wed Jul 15 18:02:49 UTC 2026
Cache sync 62 at Wed Jul 15 18:02:49 UTC 2026
Cache sync 63 at Wed Jul 15 18:02:49 UTC 2026
Cache sync 64 at Wed Jul 15 18:02:49 UTC 2026
Cache sync 65 at Wed Jul 15 18:02:49 UTC 2026
Cache sync 66 at Wed Jul 15 18:02:49 UTC 2026
Cache sync 67 at Wed Jul 15 18:02:49 UTC 2026
Cache sync 68 at Wed Jul 15 18:02:49 UTC 2026
Cache sync 69 at Wed Jul 15 18:02:49 UTC 2026
Cache sync 70 at Wed Jul 15 18:02:49 UTC 2026
Cache sync 71 at Wed Jul 15 18:02:49 UTC 2026
Cache sync 72 at Wed Jul 15 18:02:49 UTC 2026
Cache sync 73 at Wed Jul 15 18:02:49 UTC 2026
Cache sync 74 at Wed Jul 15 18:02:49 UTC 2026
Cache sync 75 at Wed Jul 15 18:02:49 UTC 2026
Cache sync 76 at Wed Jul 15 18:02:49 UTC 2026
Cache sync 77 at Wed Jul 15 18:02:49 UTC 2026
Cache sync 78 at Wed Jul 15 18:02:49 UTC 2026
Cache sync 79 at Wed Jul 15 18:02:49 UTC 2026
Cache sync 80 at Wed Jul 15 18:02:49 UTC 2026
Cache sync 81 at Wed Jul 15 18:02:49 UTC 2026
Cache sync 1 at Thu Jul 16 18:03:10 UTC 2026
Cache sync 2 at Thu Jul 16 18:03:10 UTC 2026
Cache sync 3 at Thu Jul 16 18:03:10 UTC 2026
Cache sync 4 at Thu Jul 16 18:03:11 UTC 2026
Cache sync 5 at Thu Jul 16 18:03:11 UTC 2026
Cache sync 6 at Thu Jul 16 18:03:11 UTC 2026
Cache sync 7 at Thu Jul 16 18:03:11 UTC 2026
Cache sync 8 at Thu Jul 16 18:03:11 UTC 2026
Cache sync 9 at Thu Jul 16 18:03:11 UTC 2026
Cache sync 10 at Thu Jul 16 18:03:11 UTC 2026
Cache sync 11 at Thu Jul 16 18:03:11 UTC 2026
Cache sync 12 at Thu Jul 16 18:03:11 UTC 2026
Cache sync 13 at Thu Jul 16 18:03:11 UTC 2026
Cache sync 14 at Thu Jul 16 18:03:11 UTC 2026
Cache sync 15 at Thu Jul 16 18:03:11 UTC 2026
Cache sync 16 at Thu Jul 16 18:03:11 UTC 2026
Cache sync 17 at Thu Jul 16 18:03:11 UTC 2026
Cache sync 18 at Thu Jul 16 18:03:11 UTC 2026
Cache sync 19 at Thu Jul 16 18:03:11 UTC 2026
Cache sync 20 at Thu Jul 16 18:03:11 UTC 2026
Cache sync 21 at Thu Jul 16 18:03:11 UTC 2026
Cache sync 22 at Thu Jul 16 18:03:11 UTC 2026
Cache sync 23 at Thu Jul 16 18:03:11 UTC 2026
Cache sync 24 at Thu Jul 16 18:03:11 UTC 2026
Cache sync 1 at Fri Jul 17 18:01:58 UTC 2026
Cache sync 2 at Fri Jul 17 18:01:58 UTC 2026
Cache sync 3 at Fri Jul 17 18:01:58 UTC 2026
Cache sync 4 at Fri Jul 17 18:01:58 UTC 2026
Cache sync 1 at Sun Jul 19 17:55:27 UTC 2026
Cache sync 2 at Sun Jul 19 17:55:27 UTC 2026
Cache sync 3 at Sun Jul 19 17:55:27 UTC 2026
Cache sync 4 at Sun Jul 19 17:55:27 UTC 2026
Cache sync 5 at Sun Jul 19 17:55:27 UTC 2026
Cache sync 6 at Sun Jul 19 17:55:28 UTC 2026
Cache sync 7 at Sun Jul 19 17:55:28 UTC 2026
Cache sync 8 at Sun Jul 19 17:55:28 UTC 2026
Cache sync 9 at Sun Jul 19 17:55:28 UTC 2026
Cache sync 10 at Sun Jul 19 17:55:28 UTC 2026
Cache sync 11 at Sun Jul 19 17:55:28 UTC 2026
Cache sync 12 at Sun Jul 19 17:55:28 UTC 2026
Cache sync 13 at Sun Jul 19 17:55:28 UTC 2026
Cache sync 14 at Sun Jul 19 17:55:28 UTC 2026
Cache sync 15 at Sun Jul 19 17:55:28 UTC 2026
Cache sync 16 at Sun Jul 19 17:55:28 UTC 2026
Cache sync 17 at Sun Jul 19 17:55:28 UTC 2026
Cache sync 18 at Sun Jul 19 17:55:28 UTC 2026
Cache sync 19 at Sun Jul 19 17:55:28 UTC 2026
Cache sync 20 at Sun Jul 19 17:55:28 UTC 2026
Cache sync 21 at Sun Jul 19 17:55:28 UTC 2026
Cache sync 22 at Sun Jul 19 17:55:28 UTC 2026
Cache sync 23 at Sun Jul 19 17:55:28 UTC 2026
Cache sync 24 at Sun Jul 19 17:55:28 UTC 2026
Cache sync 25 at Sun Jul 19 17:55:28 UTC 2026
Cache sync 26 at Sun Jul 19 17:55:28 UTC 2026
Cache sync 27 at Sun Jul 19 17:55:28 UTC 2026
Cache sync 28 at Sun Jul 19 17:55:28 UTC 2026
Cache sync 29 at Sun Jul 19 17:55:28 UTC 2026
Cache sync 30 at Sun Jul 19 17:55:28 UTC 2026
Cache sync 31 at Sun Jul 19 17:55:28 UTC 2026
Cache sync 32 at Sun Jul 19 17:55:28 UTC 2026
Cache sync 33 at Sun Jul 19 17:55:28 UTC 2026
Cache sync 34 at Sun Jul 19 17:55:28 UTC 2026
Cache sync 35 at Sun Jul 19 17:55:28 UTC 2026
Cache sync 36 at Sun Jul 19 17:55:28 UTC 2026
Cache sync 37 at Sun Jul 19 17:55:28 UTC 2026
Cache sync 38 at Sun Jul 19 17:55:28 UTC 2026
Cache sync 39 at Sun Jul 19 17:55:28 UTC 2026
Cache sync 40 at Sun Jul 19 17:55:28 UTC 2026
Cache sync 41 at Sun Jul 19 17:55:28 UTC 2026
Cache sync 42 at Sun Jul 19 17:55:28 UTC 2026
Cache sync 43 at Sun Jul 19 17:55:28 UTC 2026
Cache sync 44 at Sun Jul 19 17:55:28 UTC 2026
Cache sync 45 at Sun Jul 19 17:55:28 UTC 2026
Cache sync 46 at Sun Jul 19 17:55:28 UTC 2026
Cache sync 47 at Sun Jul 19 17:55:28 UTC 2026
Cache sync 48 at Sun Jul 19 17:55:28 UTC 2026
Cache sync 49 at Sun Jul 19 17:55:28 UTC 2026
Cache sync 50 at Sun Jul 19 17:55:28 UTC 2026
Cache sync 51 at Sun Jul 19 17:55:28 UTC 2026
Cache sync 52 at Sun Jul 19 17:55:28 UTC 2026
Cache sync 53 at Sun Jul 19 17:55:28 UTC 2026
Cache sync 54 at Sun Jul 19 17:55:28 UTC 2026
Cache sync 55 at Sun Jul 19 17:55:28 UTC 2026
Cache sync 56 at Sun Jul 19 17:55:28 UTC 2026
Cache sync 57 at Sun Jul 19 17:55:28 UTC 2026
Cache sync 58 at Sun Jul 19 17:55:28 UTC 2026
Cache sync 59 at Sun Jul 19 17:55:28 UTC 2026
Cache sync 60 at Sun Jul 19 17:55:28 UTC 2026
Cache sync 61 at Sun Jul 19 17:55:28 UTC 2026
Cache sync 62 at Sun Jul 19 17:55:28 UTC 2026
Cache sync 63 at Sun Jul 19 17:55:28 UTC 2026
Cache sync 64 at Sun Jul 19 17:55:28 UTC 2026
Cache sync 65 at Sun Jul 19 17:55:28 UTC 2026
Cache sync 66 at Sun Jul 19 17:55:28 UTC 2026
Cache sync 67 at Sun Jul 19 17:55:28 UTC 2026
Cache sync 68 at Sun Jul 19 17:55:28 UTC 2026
Cache sync 69 at Sun Jul 19 17:55:28 UTC 2026
Cache sync 70 at Sun Jul 19 17:55:28 UTC 2026
Cache sync 71 at Sun Jul 19 17:55:28 UTC 2026
Cache sync 72 at Sun Jul 19 17:55:28 UTC 2026
Cache sync 73 at Sun Jul 19 17:55:28 UTC 2026
Cache sync 74 at Sun Jul 19 17:55:28 UTC 2026
Cache sync 75 at Sun Jul 19 17:55:28 UTC 2026
Cache sync 76 at Sun Jul 19 17:55:28 UTC 2026
Cache sync 77 at Sun Jul 19 17:55:28 UTC 2026
Cache sync 1 at Mon Jul 20 18:50:51 UTC 2026
Cache sync 2 at Mon Jul 20 18:50:51 UTC 2026
Cache sync 3 at Mon Jul 20 18:50:51 UTC 2026
Cache sync 4 at Mon Jul 20 18:50:51 UTC 2026
Cache sync 5 at Mon Jul 20 18:50:51 UTC 2026
Cache sync 6 at Mon Jul 20 18:50:51 UTC 2026
Cache sync 7 at Mon Jul 20 18:50:51 UTC 2026
Cache sync 1 at Tue Jul 21 18:14:02 UTC 2026
Cache sync 2 at Tue Jul 21 18:14:02 UTC 2026
Cache sync 3 at Tue Jul 21 18:14:02 UTC 2026
Cache sync 4 at Tue Jul 21 18:14:02 UTC 2026
Cache sync 5 at Tue Jul 21 18:14:02 UTC 2026
Cache sync 6 at Tue Jul 21 18:14:02 UTC 2026
Cache sync 7 at Tue Jul 21 18:14:02 UTC 2026
Cache sync 8 at Tue Jul 21 18:14:02 UTC 2026
Cache sync 9 at Tue Jul 21 18:14:02 UTC 2026
Cache sync 10 at Tue Jul 21 18:14:02 UTC 2026
Cache sync 11 at Tue Jul 21 18:14:02 UTC 2026
Cache sync 12 at Tue Jul 21 18:14:02 UTC 2026
Cache sync 13 at Tue Jul 21 18:14:03 UTC 2026
Cache sync 14 at Tue Jul 21 18:14:03 UTC 2026
Cache sync 15 at Tue Jul 21 18:14:03 UTC 2026
Cache sync 16 at Tue Jul 21 18:14:03 UTC 2026
Cache sync 17 at Tue Jul 21 18:14:03 UTC 2026
Cache sync 18 at Tue Jul 21 18:14:03 UTC 2026
Cache sync 19 at Tue Jul 21 18:14:03 UTC 2026
Cache sync 20 at Tue Jul 21 18:14:03 UTC 2026
Cache sync 21 at Tue Jul 21 18:14:03 UTC 2026
Cache sync 22 at Tue Jul 21 18:14:03 UTC 2026
Cache sync 23 at Tue Jul 21 18:14:03 UTC 2026
Cache sync 24 at Tue Jul 21 18:14:03 UTC 2026
Cache sync 25 at Tue Jul 21 18:14:03 UTC 2026
Cache sync 26 at Tue Jul 21 18:14:03 UTC 2026
Cache sync 27 at Tue Jul 21 18:14:03 UTC 2026
Cache sync 28 at Tue Jul 21 18:14:03 UTC 2026
Cache sync 29 at Tue Jul 21 18:14:03 UTC 2026
Cache sync 30 at Tue Jul 21 18:14:03 UTC 2026
Cache sync 31 at Tue Jul 21 18:14:03 UTC 2026
Cache sync 32 at Tue Jul 21 18:14:03 UTC 2026
Cache sync 33 at Tue Jul 21 18:14:03 UTC 2026
Cache sync 34 at Tue Jul 21 18:14:03 UTC 2026
Cache sync 35 at Tue Jul 21 18:14:03 UTC 2026
Cache sync 36 at Tue Jul 21 18:14:03 UTC 2026
Cache sync 37 at Tue Jul 21 18:14:03 UTC 2026
Cache sync 38 at Tue Jul 21 18:14:03 UTC 2026
Cache sync 39 at Tue Jul 21 18:14:03 UTC 2026
Cache sync 40 at Tue Jul 21 18:14:03 UTC 2026
Cache sync 41 at Tue Jul 21 18:14:03 UTC 2026
Cache sync 42 at Tue Jul 21 18:14:03 UTC 2026
Cache sync 43 at Tue Jul 21 18:14:03 UTC 2026
Cache sync 44 at Tue Jul 21 18:14:03 UTC 2026
Cache sync 45 at Tue Jul 21 18:14:03 UTC 2026
Cache sync 46 at Tue Jul 21 18:14:03 UTC 2026
Cache sync 47 at Tue Jul 21 18:14:03 UTC 2026
Cache sync 48 at Tue Jul 21 18:14:03 UTC 2026
Cache sync 49 at Tue Jul 21 18:14:03 UTC 2026
Cache sync 50 at Tue Jul 21 18:14:03 UTC 2026
Cache sync 51 at Tue Jul 21 18:14:03 UTC 2026
Cache sync 52 at Tue Jul 21 18:14:03 UTC 2026
Cache sync 53 at Tue Jul 21 18:14:03 UTC 2026
Cache sync 54 at Tue Jul 21 18:14:03 UTC 2026
Cache sync 55 at Tue Jul 21 18:14:03 UTC 2026
Cache sync 56 at Tue Jul 21 18:14:04 UTC 2026
Cache sync 57 at Tue Jul 21 18:14:04 UTC 2026
Cache sync 58 at Tue Jul 21 18:14:04 UTC 2026
Cache sync 59 at Tue Jul 21 18:14:04 UTC 2026
Cache sync 60 at Tue Jul 21 18:14:04 UTC 2026
Cache sync 61 at Tue Jul 21 18:14:04 UTC 2026
Cache sync 62 at Tue Jul 21 18:14:04 UTC 2026
Cache sync 63 at Tue Jul 21 18:14:04 UTC 2026
Cache sync 64 at Tue Jul 21 18:14:04 UTC 2026
Cache sync 65 at Tue Jul 21 18:14:04 UTC 2026
Cache sync 66 at Tue Jul 21 18:14:04 UTC 2026
Cache sync 1 at Wed Jul 22 18:05:49 UTC 2026
Cache sync 2 at Wed Jul 22 18:05:49 UTC 2026
Cache sync 3 at Wed Jul 22 18:05:49 UTC 2026
Cache sync 4 at Wed Jul 22 18:05:49 UTC 2026
Cache sync 5 at Wed Jul 22 18:05:49 UTC 2026
Cache sync 6 at Wed Jul 22 18:05:49 UTC 2026
Cache sync 7 at Wed Jul 22 18:05:49 UTC 2026
Cache sync 8 at Wed Jul 22 18:05:49 UTC 2026
Cache sync 9 at Wed Jul 22 18:05:49 UTC 2026
Cache sync 10 at Wed Jul 22 18:05:49 UTC 2026
Cache sync 11 at Wed Jul 22 18:05:50 UTC 2026
Cache sync 12 at Wed Jul 22 18:05:50 UTC 2026
Cache sync 13 at Wed Jul 22 18:05:50 UTC 2026
Cache sync 14 at Wed Jul 22 18:05:50 UTC 2026
Cache sync 15 at Wed Jul 22 18:05:50 UTC 2026
Cache sync 16 at Wed Jul 22 18:05:50 UTC 2026
Cache sync 17 at Wed Jul 22 18:05:50 UTC 2026
Cache sync 18 at Wed Jul 22 18:05:50 UTC 2026
Cache sync 19 at Wed Jul 22 18:05:50 UTC 2026
Cache sync 20 at Wed Jul 22 18:05:50 UTC 2026
Cache sync 21 at Wed Jul 22 18:05:50 UTC 2026
Cache sync 22 at Wed Jul 22 18:05:50 UTC 2026
Cache sync 23 at Wed Jul 22 18:05:50 UTC 2026
Cache sync 24 at Wed Jul 22 18:05:50 UTC 2026
Cache sync 25 at Wed Jul 22 18:05:50 UTC 2026
Cache sync 26 at Wed Jul 22 18:05:50 UTC 2026
Cache sync 27 at Wed Jul 22 18:05:50 UTC 2026
Cache sync 28 at Wed Jul 22 18:05:50 UTC 2026
Cache sync 29 at Wed Jul 22 18:05:50 UTC 2026
Cache sync 30 at Wed Jul 22 18:05:50 UTC 2026
Cache sync 31 at Wed Jul 22 18:05:50 UTC 2026
Cache sync 32 at Wed Jul 22 18:05:50 UTC 2026
Cache sync 33 at Wed Jul 22 18:05:50 UTC 2026
Cache sync 34 at Wed Jul 22 18:05:50 UTC 2026
Cache sync 35 at Wed Jul 22 18:05:50 UTC 2026
Cache sync 36 at Wed Jul 22 18:05:50 UTC 2026
Cache sync 37 at Wed Jul 22 18:05:50 UTC 2026
Cache sync 38 at Wed Jul 22 18:05:50 UTC 2026
Cache sync 39 at Wed Jul 22 18:05:50 UTC 2026
Cache sync 40 at Wed Jul 22 18:05:50 UTC 2026
Cache sync 41 at Wed Jul 22 18:05:50 UTC 2026
Cache sync 42 at Wed Jul 22 18:05:50 UTC 2026
Cache sync 43 at Wed Jul 22 18:05:50 UTC 2026
Cache sync 44 at Wed Jul 22 18:05:50 UTC 2026
Cache sync 45 at Wed Jul 22 18:05:50 UTC 2026
Cache sync 46 at Wed Jul 22 18:05:50 UTC 2026
Cache sync 47 at Wed Jul 22 18:05:50 UTC 2026
Cache sync 1 at Thu Jul 23 18:09:59 UTC 2026
Cache sync 2 at Thu Jul 23 18:09:59 UTC 2026
Cache sync 3 at Thu Jul 23 18:10:00 UTC 2026
Cache sync 4 at Thu Jul 23 18:10:00 UTC 2026
Cache sync 5 at Thu Jul 23 18:10:00 UTC 2026
Cache sync 6 at Thu Jul 23 18:10:00 UTC 2026
Cache sync 7 at Thu Jul 23 18:10:00 UTC 2026
Cache sync 8 at Thu Jul 23 18:10:00 UTC 2026
Cache sync 9 at Thu Jul 23 18:10:00 UTC 2026
Cache sync 10 at Thu Jul 23 18:10:00 UTC 2026
Cache sync 11 at Thu Jul 23 18:10:00 UTC 2026
Cache sync 12 at Thu Jul 23 18:10:00 UTC 2026
Cache sync 13 at Thu Jul 23 18:10:00 UTC 2026
Cache sync 14 at Thu Jul 23 18:10:00 UTC 2026
Cache sync 15 at Thu Jul 23 18:10:00 UTC 2026
Cache sync 16 at Thu Jul 23 18:10:00 UTC 2026
Cache sync 17 at Thu Jul 23 18:10:00 UTC 2026
Cache sync 18 at Thu Jul 23 18:10:00 UTC 2026
Cache sync 19 at Thu Jul 23 18:10:00 UTC 2026
Cache sync 20 at Thu Jul 23 18:10:00 UTC 2026
Cache sync 21 at Thu Jul 23 18:10:00 UTC 2026
